# JRE version: OpenJDK Runtime Environment (8.0_242-b01) (build 1.8.0_242-release-1644-b01)
# Java VM: OpenJDK 64-Bit Server VM (25.242-b01 mixed mode windows-amd64 compressed oops)
Heap:
 PSYoungGen      total 525824K, used 369687K [0x00000000d5580000, 0x0000000100000000, 0x0000000100000000)
  eden space 358400K, 100% used [0x00000000d5580000,0x00000000eb380000,0x00000000eb380000)
  from space 167424K, 6% used [0x00000000eb380000,0x00000000ebe85e88,0x00000000f5700000)
  to   space 165376K, 8% used [0x00000000f5e80000,0x00000000f6be4070,0x0000000100000000)
 ParOldGen       total 442880K, used 298353K [0x0000000080000000, 0x000000009b080000, 0x00000000d5580000)
  object space 442880K, 67% used [0x0000000080000000,0x000000009235c6e0,0x000000009b080000)
 Metaspace       used 99960K, capacity 104995K, committed 105240K, reserved 1140736K
  class space    used 12912K, capacity 13856K, committed 13872K, reserved 1048576K
GC Heap History (10 events):
Event: 3481.680 GC heap after
Heap after GC invocations=44 (full 9):
 PSYoungGen      total 406016K, used 0K [0x00000000d5580000, 0x00000000ff100000, 0x0000000100000000)
  eden space 354816K, 0% used [0x00000000d5580000,0x00000000d5580000,0x00000000eb000000)
  from space 51200K, 0% used [0x00000000eb000000,0x00000000eb000000,0x00000000ee200000)
  to   space 162816K, 0% used [0x00000000f5200000,0x00000000f5200000,0x00000000ff100000)
 ParOldGen       total 442880K, used 245831K [0x0000000080000000, 0x000000009b080000, 0x00000000d5580000)
  object space 442880K, 55% used [0x0000000080000000,0x000000008f011d00,0x000000009b080000)
 Metaspace       used 99327K, capacity 104171K, committed 104472K, reserved 1140736K
  class space    used 12875K, capacity 13788K, committed 13872K, reserved 1048576K
}
Event: 3483.049 GC heap before
{Heap before GC invocations=45 (full 9):
 PSYoungGen      total 406016K, used 354816K [0x00000000d5580000, 0x00000000ff100000, 0x0000000100000000)
  eden space 354816K, 100% used [0x00000000d5580000,0x00000000eb000000,0x00000000eb000000)
  from space 51200K, 0% used [0x00000000eb000000,0x00000000eb000000,0x00000000ee200000)
  to   space 162816K, 0% used [0x00000000f5200000,0x00000000f5200000,0x00000000ff100000)
 ParOldGen       total 442880K, used 245831K [0x0000000080000000, 0x000000009b080000, 0x00000000d5580000)
  object space 442880K, 55% used [0x0000000080000000,0x000000008f011d00,0x000000009b080000)
 Metaspace       used 99327K, capacity 104171K, committed 104472K, reserved 1140736K
  class space    used 12875K, capacity 13788K, committed 13872K, reserved 1048576K
Event: 3483.070 GC heap after
Heap after GC invocations=45 (full 9):
 PSYoungGen      total 520704K, used 160K [0x00000000d5580000, 0x0000000100000000, 0x0000000100000000)
  eden space 357888K, 0% used [0x00000000d5580000,0x00000000d5580000,0x00000000eb300000)
  from space 162816K, 0% used [0x00000000f5200000,0x00000000f5228000,0x00000000ff100000)
  to   space 162816K, 0% used [0x00000000eb300000,0x00000000eb300000,0x00000000f5200000)
 ParOldGen       total 442880K, used 245831K [0x0000000080000000, 0x000000009b080000, 0x00000000d5580000)
  object space 442880K, 55% used [0x0000000080000000,0x000000008f011d00,0x000000009b080000)
 Metaspace       used 99327K, capacity 104171K, committed 104472K, reserved 1140736K
  class space    used 12875K, capacity 13788K, committed 13872K, reserved 1048576K
}
Event: 3499.493 GC heap before
{Heap before GC invocations=46 (full 9):
 PSYoungGen      total 520704K, used 358045K [0x00000000d5580000, 0x0000000100000000, 0x0000000100000000)
  eden space 357888K, 99% used [0x00000000d5580000,0x00000000eb2ff420,0x00000000eb300000)
  from space 162816K, 0% used [0x00000000f5200000,0x00000000f5228000,0x00000000ff100000)
  to   space 162816K, 0% used [0x00000000eb300000,0x00000000eb300000,0x00000000f5200000)
 ParOldGen       total 442880K, used 245831K [0x0000000080000000, 0x000000009b080000, 0x00000000d5580000)
  object space 442880K, 55% used [0x0000000080000000,0x000000008f011d00,0x000000009b080000)
 Metaspace       used 99345K, capacity 104185K, committed 104472K, reserved 1140736K
  class space    used 12876K, capacity 13789K, committed 13872K, reserved 1048576K
Event: 3499.677 GC heap after
Heap after GC invocations=46 (full 9):
 PSYoungGen      total 520704K, used 52990K [0x00000000d5580000, 0x00000000fec00000, 0x0000000100000000)
  eden space 357888K, 0% used [0x00000000d5580000,0x00000000d5580000,0x00000000eb300000)
  from space 162816K, 32% used [0x00000000eb300000,0x00000000ee6bfb58,0x00000000f5200000)
  to   space 152576K, 0% used [0x00000000f5700000,0x00000000f5700000,0x00000000fec00000)
 ParOldGen       total 442880K, used 245855K [0x0000000080000000, 0x000000009b080000, 0x00000000d5580000)
  object space 442880K, 55% used [0x0000000080000000,0x000000008f017d00,0x000000009b080000)
 Metaspace       used 99345K, capacity 104185K, committed 104472K, reserved 1140736K
  class space    used 12876K, capacity 13789K, committed 13872K, reserved 1048576K
}
Event: 3501.414 GC heap before
{Heap before GC invocations=47 (full 9):
 PSYoungGen      total 520704K, used 410878K [0x00000000d5580000, 0x00000000fec00000, 0x0000000100000000)
  eden space 357888K, 100% used [0x00000000d5580000,0x00000000eb300000,0x00000000eb300000)
  from space 162816K, 32% used [0x00000000eb300000,0x00000000ee6bfb58,0x00000000f5200000)
  to   space 152576K, 0% used [0x00000000f5700000,0x00000000f5700000,0x00000000fec00000)
 ParOldGen       total 442880K, used 245855K [0x0000000080000000, 0x000000009b080000, 0x00000000d5580000)
  object space 442880K, 55% used [0x0000000080000000,0x000000008f017d00,0x000000009b080000)
 Metaspace       used 99409K, capacity 104249K, committed 104728K, reserved 1140736K
  class space    used 12876K, capacity 13789K, committed 13872K, reserved 1048576K
Event: 3504.320 GC heap after
Heap after GC invocations=47 (full 9):
 PSYoungGen      total 510976K, used 120743K [0x00000000d5580000, 0x0000000100000000, 0x0000000100000000)
  eden space 358400K, 0% used [0x00000000d5580000,0x00000000d5580000,0x00000000eb380000)
  from space 152576K, 79% used [0x00000000f5700000,0x00000000fcce9e68,0x00000000fec00000)
  to   space 167424K, 0% used [0x00000000eb380000,0x00000000eb380000,0x00000000f5700000)
 ParOldGen       total 442880K, used 275031K [0x0000000080000000, 0x000000009b080000, 0x00000000d5580000)
  object space 442880K, 62% used [0x0000000080000000,0x0000000090c95f88,0x000000009b080000)
 Metaspace       used 99409K, capacity 104249K, committed 104728K, reserved 1140736K
  class space    used 12876K, capacity 13789K, committed 13872K, reserved 1048576K
}
Event: 5121.426 GC heap before
{Heap before GC invocations=48 (full 9):
 PSYoungGen      total 510976K, used 479143K [0x00000000d5580000, 0x0000000100000000, 0x0000000100000000)
  eden space 358400K, 100% used [0x00000000d5580000,0x00000000eb380000,0x00000000eb380000)
  from space 152576K, 79% used [0x00000000f5700000,0x00000000fcce9e68,0x00000000fec00000)
  to   space 167424K, 0% used [0x00000000eb380000,0x00000000eb380000,0x00000000f5700000)
 ParOldGen       total 442880K, used 275031K [0x0000000080000000, 0x000000009b080000, 0x00000000d5580000)
  object space 442880K, 62% used [0x0000000080000000,0x0000000090c95f88,0x000000009b080000)
 Metaspace       used 99495K, capacity 104395K, committed 104728K, reserved 1140736K
  class space    used 12878K, capacity 13792K, committed 13872K, reserved 1048576K
Event: 5124.001 GC heap after
Heap after GC invocations=48 (full 9):
 PSYoungGen      total 525824K, used 11287K [0x00000000d5580000, 0x0000000100000000, 0x0000000100000000)
  eden space 358400K, 0% used [0x00000000d5580000,0x00000000d5580000,0x00000000eb380000)
  from space 167424K, 6% used [0x00000000eb380000,0x00000000ebe85e88,0x00000000f5700000)
  to   space 165376K, 0% used [0x00000000f5e80000,0x00000000f5e80000,0x0000000100000000)
 ParOldGen       total 442880K, used 297481K [0x0000000080000000, 0x000000009b080000, 0x00000000d5580000)
  object space 442880K, 67% used [0x0000000080000000,0x0000000092282680,0x000000009b080000)
 Metaspace       used 99495K, capacity 104395K, committed 104728K, reserved 1140736K
  class space    used 12878K, capacity 13792K, committed 13872K, reserved 1048576K
}
Event: 6893.724 GC heap before
{Heap before GC invocations=49 (full 9):
 PSYoungGen      total 525824K, used 369687K [0x00000000d5580000, 0x0000000100000000, 0x0000000100000000)
  eden space 358400K, 100% used [0x00000000d5580000,0x00000000eb380000,0x00000000eb380000)
  from space 167424K, 6% used [0x00000000eb380000,0x00000000ebe85e88,0x00000000f5700000)
  to   space 165376K, 0% used [0x00000000f5e80000,0x00000000f5e80000,0x0000000100000000)
 ParOldGen       total 442880K, used 297481K [0x0000000080000000, 0x000000009b080000, 0x00000000d5580000)
  object space 442880K, 67% used [0x0000000080000000,0x0000000092282680,0x000000009b080000)
 Metaspace       used 99960K, capacity 104995K, committed 105240K, reserved 1140736K
  class space    used 12912K, capacity 13856K, committed 13872K, reserved 1048576K

